{
  "stats": {
    "suites": 4,
    "tests": 9,
    "passes": 9,
    "pending": 0,
    "failures": 0,
    "start": "2022-05-01T21:35:47.439Z",
    "end": "2022-05-01T21:37:03.731Z",
    "duration": 57977,
    "testsRegistered": 9,
    "passPercent": 100,
    "pendingPercent": 0,
    "other": 0,
    "hasOther": false,
    "skipped": 0,
    "hasSkipped": false
  },
  "results": [
    {
      "uuid": "cdfe2082-bf41-4f65-a22c-db4eb2dea4ab",
      "title": "",
      "fullFile": "cypress/integration/intercept_test.spec.js",
      "file": "cypress/integration/intercept_test.spec.js",
      "beforeHooks": [],
      "afterHooks": [],
      "tests": [],
      "suites": [
        {
          "uuid": "eb2343cf-91a8-4a3b-854e-10fd9c37ea16",
          "title": "Product Search",
          "fullFile": "",
          "file": "",
          "beforeHooks": [],
          "afterHooks": [],
          "tests": [
            {
              "title": "autocomplete product item should be return correctly",
              "fullTitle": "Product Search autocomplete product item should be return correctly",
              "timedOut": null,
              "duration": 5005,
              "state": "passed",
              "speed": "medium",
              "pass": true,
              "fail": false,
              "pending": false,
              "context": null,
              "code": "_pages.homePage.searchMagnifier();\n_pages.productSearchPage.search('Jacket');\n_pages.productSearchPage.productList.first().should('have.attr', 'title', 'Ingrid Running Jacket');",
              "err": {},
              "uuid": "0626ff60-ebc4-4544-b49b-ab31fd29d99f",
              "parentUUID": "eb2343cf-91a8-4a3b-854e-10fd9c37ea16",
              "isHook": false,
              "skipped": false
            }
          ],
          "suites": [],
          "passes": [
            "0626ff60-ebc4-4544-b49b-ab31fd29d99f"
          ],
          "failures": [],
          "pending": [],
          "skipped": [],
          "duration": 5005,
          "root": false,
          "rootEmpty": false,
          "_timeout": 2000
        }
      ],
      "passes": [],
      "failures": [],
      "pending": [],
      "skipped": [],
      "duration": 0,
      "root": true,
      "rootEmpty": true,
      "_timeout": 2000
    },
    {
      "uuid": "6be069e8-8f68-4a1f-b990-fbb991403c87",
      "title": "",
      "fullFile": "cypress/integration/product_list_test.spec.js",
      "file": "cypress/integration/product_list_test.spec.js",
      "beforeHooks": [],
      "afterHooks": [],
      "tests": [],
      "suites": [
        {
          "uuid": "34fb1953-df54-4a58-b1f2-c72d3be752e6",
          "title": "Product List",
          "fullFile": "",
          "file": "",
          "beforeHooks": [],
          "afterHooks": [],
          "tests": [
            {
              "title": "Validate product detail link",
              "fullTitle": "Product List Validate product detail link",
              "timedOut": null,
              "duration": 30882,
              "state": "passed",
              "speed": "slow",
              "pass": true,
              "fail": false,
              "pending": false,
              "context": null,
              "code": "_pages.productsPage.productList.each(product => {\n  let productDetailsLink = product.attr('href');\n  let productTitle = product.attr('title');\n  cy.visit(productDetailsLink).then(() => {\n    _pages.productDetailsPage.breadcrumbProduct.should('include.text', productTitle);\n    _pages.productDetailsPage.productTitle.invoke('text').then(text => {\n      expect(text).to.be.equal(productTitle);\n    });\n    _pages.productDetailsPage.variations.find('[for]').should('have.length', 2).and('be.visible');\n  });\n});",
              "err": {},
              "uuid": "04d86690-255e-42a8-ad6d-9757e69bdddb",
              "parentUUID": "34fb1953-df54-4a58-b1f2-c72d3be752e6",
              "isHook": false,
              "skipped": false
            }
          ],
          "suites": [],
          "passes": [
            "04d86690-255e-42a8-ad6d-9757e69bdddb"
          ],
          "failures": [],
          "pending": [],
          "skipped": [],
          "duration": 30882,
          "root": false,
          "rootEmpty": false,
          "_timeout": 2000
        }
      ],
      "passes": [],
      "failures": [],
      "pending": [],
      "skipped": [],
      "duration": 0,
      "root": true,
      "rootEmpty": true,
      "_timeout": 2000
    },
    {
      "uuid": "3479f17c-2675-4ad0-9052-1084e5fcd48f",
      "title": "",
      "fullFile": "cypress/integration/search_list_test.spec.js",
      "file": "cypress/integration/search_list_test.spec.js",
      "beforeHooks": [],
      "afterHooks": [],
      "tests": [],
      "suites": [
        {
          "uuid": "8b9684ec-2e4d-4c22-bd73-d12f2a660795",
          "title": "Product Search",
          "fullFile": "",
          "file": "",
          "beforeHooks": [],
          "afterHooks": [],
          "tests": [
            {
              "title": "Product Ingrid Running Jacket should be return correctly",
              "fullTitle": "Product Search Product Ingrid Running Jacket should be return correctly",
              "timedOut": null,
              "duration": 4955,
              "state": "passed",
              "speed": "fast",
              "pass": true,
              "fail": false,
              "pending": false,
              "context": null,
              "code": "_pages.homePage.searchMagnifier();\n_pages.productSearchPage.search(item.label);\n_pages.productSearchPage.productList.first().should('have.attr', 'title', item.label);\n_pages.productSearchPage.productList.each(el => {\n  expect(el.attr('title')).eq(item.label);\n});",
              "err": {},
              "uuid": "8efc25ca-29c4-4fa3-87dc-be67eb7de1ea",
              "parentUUID": "8b9684ec-2e4d-4c22-bd73-d12f2a660795",
              "isHook": false,
              "skipped": false
            },
            {
              "title": "Product Augusta Pullover Jacket should be return correctly",
              "fullTitle": "Product Search Product Augusta Pullover Jacket should be return correctly",
              "timedOut": null,
              "duration": 3025,
              "state": "passed",
              "speed": "fast",
              "pass": true,
              "fail": false,
              "pending": false,
              "context": null,
              "code": "_pages.homePage.searchMagnifier();\n_pages.productSearchPage.search(item.label);\n_pages.productSearchPage.productList.first().should('have.attr', 'title', item.label);\n_pages.productSearchPage.productList.each(el => {\n  expect(el.attr('title')).eq(item.label);\n});",
              "err": {},
              "uuid": "445f7228-9309-47be-97e7-85c200c57123",
              "parentUUID": "8b9684ec-2e4d-4c22-bd73-d12f2a660795",
              "isHook": false,
              "skipped": false
            },
            {
              "title": "Product Josie Yoga Jacket should be return correctly",
              "fullTitle": "Product Search Product Josie Yoga Jacket should be return correctly",
              "timedOut": null,
              "duration": 2786,
              "state": "passed",
              "speed": "fast",
              "pass": true,
              "fail": false,
              "pending": false,
              "context": null,
              "code": "_pages.homePage.searchMagnifier();\n_pages.productSearchPage.search(item.label);\n_pages.productSearchPage.productList.first().should('have.attr', 'title', item.label);\n_pages.productSearchPage.productList.each(el => {\n  expect(el.attr('title')).eq(item.label);\n});",
              "err": {},
              "uuid": "a256eadc-5140-43a8-83ae-7776ff35365d",
              "parentUUID": "8b9684ec-2e4d-4c22-bd73-d12f2a660795",
              "isHook": false,
              "skipped": false
            },
            {
              "title": "Product Stellar Solar Jacket should be return correctly",
              "fullTitle": "Product Search Product Stellar Solar Jacket should be return correctly",
              "timedOut": null,
              "duration": 2667,
              "state": "passed",
              "speed": "fast",
              "pass": true,
              "fail": false,
              "pending": false,
              "context": null,
              "code": "_pages.homePage.searchMagnifier();\n_pages.productSearchPage.search(item.label);\n_pages.productSearchPage.productList.first().should('have.attr', 'title', item.label);\n_pages.productSearchPage.productList.each(el => {\n  expect(el.attr('title')).eq(item.label);\n});",
              "err": {},
              "uuid": "55ba176f-e052-4e1b-8db6-8428e3316192",
              "parentUUID": "8b9684ec-2e4d-4c22-bd73-d12f2a660795",
              "isHook": false,
              "skipped": false
            },
            {
              "title": "Product Typhon Performance Fleece-lined Jacket should be return correctly",
              "fullTitle": "Product Search Product Typhon Performance Fleece-lined Jacket should be return correctly",
              "timedOut": null,
              "duration": 3057,
              "state": "passed",
              "speed": "fast",
              "pass": true,
              "fail": false,
              "pending": false,
              "context": null,
              "code": "_pages.homePage.searchMagnifier();\n_pages.productSearchPage.search(item.label);\n_pages.productSearchPage.productList.first().should('have.attr', 'title', item.label);\n_pages.productSearchPage.productList.each(el => {\n  expect(el.attr('title')).eq(item.label);\n});",
              "err": {},
              "uuid": "a60f904b-bfa2-49e7-954b-faffd9499839",
              "parentUUID": "8b9684ec-2e4d-4c22-bd73-d12f2a660795",
              "isHook": false,
              "skipped": false
            }
          ],
          "suites": [],
          "passes": [
            "8efc25ca-29c4-4fa3-87dc-be67eb7de1ea",
            "445f7228-9309-47be-97e7-85c200c57123",
            "a256eadc-5140-43a8-83ae-7776ff35365d",
            "55ba176f-e052-4e1b-8db6-8428e3316192",
            "a60f904b-bfa2-49e7-954b-faffd9499839"
          ],
          "failures": [],
          "pending": [],
          "skipped": [],
          "duration": 16490,
          "root": false,
          "rootEmpty": false,
          "_timeout": 2000
        }
      ],
      "passes": [],
      "failures": [],
      "pending": [],
      "skipped": [],
      "duration": 0,
      "root": true,
      "rootEmpty": true,
      "_timeout": 2000
    },
    {
      "uuid": "b294296f-197d-4619-babd-60373cb77039",
      "title": "",
      "fullFile": "cypress/integration/env_test.spec.js",
      "file": "cypress/integration/env_test.spec.js",
      "beforeHooks": [],
      "afterHooks": [],
      "tests": [],
      "suites": [
        {
          "uuid": "5198bb60-5d36-4a92-a3a4-02ada3db1a65",
          "title": "Environment Variables",
          "fullFile": "",
          "file": "",
          "beforeHooks": [],
          "afterHooks": [],
          "tests": [
            {
              "title": "cypress.json or cypress.env.json",
              "fullTitle": "Environment Variables cypress.json or cypress.env.json",
              "timedOut": null,
              "duration": 4151,
              "state": "passed",
              "speed": "fast",
              "pass": true,
              "fail": false,
              "pending": false,
              "context": null,
              "code": "cy.url().should('contain', Cypress.env('HOST'));",
              "err": {},
              "uuid": "90f1230b-d56d-4d1d-9f55-06044c21ec4a",
              "parentUUID": "5198bb60-5d36-4a92-a3a4-02ada3db1a65",
              "isHook": false,
              "skipped": false
            },
            {
              "title": "Config Test Env",
              "fullTitle": "Environment Variables Config Test Env",
              "timedOut": null,
              "duration": 1449,
              "state": "passed",
              "speed": "fast",
              "pass": true,
              "fail": false,
              "pending": false,
              "context": null,
              "code": "cy.log(Cypress.env('myEnv'));",
              "err": {},
              "uuid": "2deeaa85-f1ba-4a39-9673-c690ba090153",
              "parentUUID": "5198bb60-5d36-4a92-a3a4-02ada3db1a65",
              "isHook": false,
              "skipped": false
            }
          ],
          "suites": [],
          "passes": [
            "90f1230b-d56d-4d1d-9f55-06044c21ec4a",
            "2deeaa85-f1ba-4a39-9673-c690ba090153"
          ],
          "failures": [],
          "pending": [],
          "skipped": [],
          "duration": 5600,
          "root": false,
          "rootEmpty": false,
          "_timeout": 2000
        }
      ],
      "passes": [],
      "failures": [],
      "pending": [],
      "skipped": [],
      "duration": 0,
      "root": true,
      "rootEmpty": true,
      "_timeout": 2000
    }
  ],
  "meta": {
    "mocha": {
      "version": "7.0.1"
    },
    "mochawesome": {
      "options": {
        "quiet": false,
        "reportFilename": "mochawesome",
        "saveHtml": false,
        "saveJson": true,
        "consoleReporter": "spec",
        "useInlineDiffs": false,
        "code": true
      },
      "version": "7.1.3"
    },
    "marge": {
      "options": {
        "reportDir": "cypress/results",
        "overwrite": false,
        "html": false,
        "json": true
      },
      "version": "6.2.0"
    }
  }
}