{
  "stats": {
    "suites": 1,
    "tests": 5,
    "passes": 5,
    "pending": 0,
    "failures": 0,
    "start": "2022-05-01T21:36:47.125Z",
    "end": "2022-05-01T21:37:03.731Z",
    "duration": 16606,
    "testsRegistered": 5,
    "passPercent": 100,
    "pendingPercent": 0,
    "other": 0,
    "hasOther": false,
    "skipped": 0,
    "hasSkipped": false
  },
  "results": [
    {
      "uuid": "3479f17c-2675-4ad0-9052-1084e5fcd48f",
      "title": "",
      "fullFile": "cypress/integration/search_list_test.spec.js",
      "file": "cypress/integration/search_list_test.spec.js",
      "beforeHooks": [],
      "afterHooks": [],
      "tests": [],
      "suites": [
        {
          "uuid": "8b9684ec-2e4d-4c22-bd73-d12f2a660795",
          "title": "Product Search",
          "fullFile": "",
          "file": "",
          "beforeHooks": [],
          "afterHooks": [],
          "tests": [
            {
              "title": "Product Ingrid Running Jacket should be return correctly",
              "fullTitle": "Product Search Product Ingrid Running Jacket should be return correctly",
              "timedOut": null,
              "duration": 4955,
              "state": "passed",
              "speed": "fast",
              "pass": true,
              "fail": false,
              "pending": false,
              "context": null,
              "code": "_pages.homePage.searchMagnifier();\n_pages.productSearchPage.search(item.label);\n_pages.productSearchPage.productList.first().should('have.attr', 'title', item.label);\n_pages.productSearchPage.productList.each(el => {\n  expect(el.attr('title')).eq(item.label);\n});",
              "err": {},
              "uuid": "8efc25ca-29c4-4fa3-87dc-be67eb7de1ea",
              "parentUUID": "8b9684ec-2e4d-4c22-bd73-d12f2a660795",
              "isHook": false,
              "skipped": false
            },
            {
              "title": "Product Augusta Pullover Jacket should be return correctly",
              "fullTitle": "Product Search Product Augusta Pullover Jacket should be return correctly",
              "timedOut": null,
              "duration": 3025,
              "state": "passed",
              "speed": "fast",
              "pass": true,
              "fail": false,
              "pending": false,
              "context": null,
              "code": "_pages.homePage.searchMagnifier();\n_pages.productSearchPage.search(item.label);\n_pages.productSearchPage.productList.first().should('have.attr', 'title', item.label);\n_pages.productSearchPage.productList.each(el => {\n  expect(el.attr('title')).eq(item.label);\n});",
              "err": {},
              "uuid": "445f7228-9309-47be-97e7-85c200c57123",
              "parentUUID": "8b9684ec-2e4d-4c22-bd73-d12f2a660795",
              "isHook": false,
              "skipped": false
            },
            {
              "title": "Product Josie Yoga Jacket should be return correctly",
              "fullTitle": "Product Search Product Josie Yoga Jacket should be return correctly",
              "timedOut": null,
              "duration": 2786,
              "state": "passed",
              "speed": "fast",
              "pass": true,
              "fail": false,
              "pending": false,
              "context": null,
              "code": "_pages.homePage.searchMagnifier();\n_pages.productSearchPage.search(item.label);\n_pages.productSearchPage.productList.first().should('have.attr', 'title', item.label);\n_pages.productSearchPage.productList.each(el => {\n  expect(el.attr('title')).eq(item.label);\n});",
              "err": {},
              "uuid": "a256eadc-5140-43a8-83ae-7776ff35365d",
              "parentUUID": "8b9684ec-2e4d-4c22-bd73-d12f2a660795",
              "isHook": false,
              "skipped": false
            },
            {
              "title": "Product Stellar Solar Jacket should be return correctly",
              "fullTitle": "Product Search Product Stellar Solar Jacket should be return correctly",
              "timedOut": null,
              "duration": 2667,
              "state": "passed",
              "speed": "fast",
              "pass": true,
              "fail": false,
              "pending": false,
              "context": null,
              "code": "_pages.homePage.searchMagnifier();\n_pages.productSearchPage.search(item.label);\n_pages.productSearchPage.productList.first().should('have.attr', 'title', item.label);\n_pages.productSearchPage.productList.each(el => {\n  expect(el.attr('title')).eq(item.label);\n});",
              "err": {},
              "uuid": "55ba176f-e052-4e1b-8db6-8428e3316192",
              "parentUUID": "8b9684ec-2e4d-4c22-bd73-d12f2a660795",
              "isHook": false,
              "skipped": false
            },
            {
              "title": "Product Typhon Performance Fleece-lined Jacket should be return correctly",
              "fullTitle": "Product Search Product Typhon Performance Fleece-lined Jacket should be return correctly",
              "timedOut": null,
              "duration": 3057,
              "state": "passed",
              "speed": "fast",
              "pass": true,
              "fail": false,
              "pending": false,
              "context": null,
              "code": "_pages.homePage.searchMagnifier();\n_pages.productSearchPage.search(item.label);\n_pages.productSearchPage.productList.first().should('have.attr', 'title', item.label);\n_pages.productSearchPage.productList.each(el => {\n  expect(el.attr('title')).eq(item.label);\n});",
              "err": {},
              "uuid": "a60f904b-bfa2-49e7-954b-faffd9499839",
              "parentUUID": "8b9684ec-2e4d-4c22-bd73-d12f2a660795",
              "isHook": false,
              "skipped": false
            }
          ],
          "suites": [],
          "passes": [
            "8efc25ca-29c4-4fa3-87dc-be67eb7de1ea",
            "445f7228-9309-47be-97e7-85c200c57123",
            "a256eadc-5140-43a8-83ae-7776ff35365d",
            "55ba176f-e052-4e1b-8db6-8428e3316192",
            "a60f904b-bfa2-49e7-954b-faffd9499839"
          ],
          "failures": [],
          "pending": [],
          "skipped": [],
          "duration": 16490,
          "root": false,
          "rootEmpty": false,
          "_timeout": 2000
        }
      ],
      "passes": [],
      "failures": [],
      "pending": [],
      "skipped": [],
      "duration": 0,
      "root": true,
      "rootEmpty": true,
      "_timeout": 2000
    }
  ],
  "meta": {
    "mocha": {
      "version": "7.0.1"
    },
    "mochawesome": {
      "options": {
        "quiet": false,
        "reportFilename": "mochawesome",
        "saveHtml": false,
        "saveJson": true,
        "consoleReporter": "spec",
        "useInlineDiffs": false,
        "code": true
      },
      "version": "7.1.3"
    },
    "marge": {
      "options": {
        "reportDir": "cypress/results",
        "overwrite": false,
        "html": false,
        "json": true
      },
      "version": "6.2.0"
    }
  }
}