{
  "stats": {
    "suites": 1,
    "tests": 1,
    "passes": 1,
    "pending": 0,
    "failures": 0,
    "start": "2022-05-01T21:36:01.233Z",
    "end": "2022-05-01T21:36:06.277Z",
    "duration": 5044,
    "testsRegistered": 1,
    "passPercent": 100,
    "pendingPercent": 0,
    "other": 0,
    "hasOther": false,
    "skipped": 0,
    "hasSkipped": false
  },
  "results": [
    {
      "uuid": "cdfe2082-bf41-4f65-a22c-db4eb2dea4ab",
      "title": "",
      "fullFile": "cypress/integration/intercept_test.spec.js",
      "file": "cypress/integration/intercept_test.spec.js",
      "beforeHooks": [],
      "afterHooks": [],
      "tests": [],
      "suites": [
        {
          "uuid": "eb2343cf-91a8-4a3b-854e-10fd9c37ea16",
          "title": "Product Search",
          "fullFile": "",
          "file": "",
          "beforeHooks": [],
          "afterHooks": [],
          "tests": [
            {
              "title": "autocomplete product item should be return correctly",
              "fullTitle": "Product Search autocomplete product item should be return correctly",
              "timedOut": null,
              "duration": 5005,
              "state": "passed",
              "speed": "medium",
              "pass": true,
              "fail": false,
              "pending": false,
              "context": null,
              "code": "_pages.homePage.searchMagnifier();\n_pages.productSearchPage.search('Jacket');\n_pages.productSearchPage.productList.first().should('have.attr', 'title', 'Ingrid Running Jacket');",
              "err": {},
              "uuid": "0626ff60-ebc4-4544-b49b-ab31fd29d99f",
              "parentUUID": "eb2343cf-91a8-4a3b-854e-10fd9c37ea16",
              "isHook": false,
              "skipped": false
            }
          ],
          "suites": [],
          "passes": [
            "0626ff60-ebc4-4544-b49b-ab31fd29d99f"
          ],
          "failures": [],
          "pending": [],
          "skipped": [],
          "duration": 5005,
          "root": false,
          "rootEmpty": false,
          "_timeout": 2000
        }
      ],
      "passes": [],
      "failures": [],
      "pending": [],
      "skipped": [],
      "duration": 0,
      "root": true,
      "rootEmpty": true,
      "_timeout": 2000
    }
  ],
  "meta": {
    "mocha": {
      "version": "7.0.1"
    },
    "mochawesome": {
      "options": {
        "quiet": false,
        "reportFilename": "mochawesome",
        "saveHtml": false,
        "saveJson": true,
        "consoleReporter": "spec",
        "useInlineDiffs": false,
        "code": true
      },
      "version": "7.1.3"
    },
    "marge": {
      "options": {
        "reportDir": "cypress/results",
        "overwrite": false,
        "html": false,
        "json": true
      },
      "version": "6.2.0"
    }
  }
}